<?xml version="1.0" encoding="UTF-8"?>
<testng-results ignored="0" total="1" passed="1" failed="0" skipped="0">
  <reporter-output>
  </reporter-output>
  <suite started-at="2021-12-19T22:09:13 IST" name="Default suite" finished-at="2021-12-19T22:09:26 IST" duration-ms="12747">
    <groups>
    </groups>
    <test started-at="2021-12-19T22:09:13 IST" name="Default test" finished-at="2021-12-19T22:09:26 IST" duration-ms="12747">
      <class name="JavaScript.scrolling">
        <test-method signature="scrolling1()[pri:0, instance:JavaScript.scrolling@6f46426d]" started-at="2021-12-19T22:09:13 IST" name="scrolling1" finished-at="2021-12-19T22:09:26 IST" duration-ms="12686" status="PASS">
          <reporter-output>
          </reporter-output>
        </test-method> <!-- scrolling1 -->
      </class> <!-- JavaScript.scrolling -->
    </test> <!-- Default test -->
  </suite> <!-- Default suite -->
</testng-results>
